namespace MRLCC_AAVV {

	FTensorDecl TensorDecls[30] = {
		/*  0*/{"b", "eeaa", "",USAGE_Amplitude},
		/*  1*/{"B", "eeaa", "",USAGE_Residual},
		/*  2*/{"t", "eeaa", "",USAGE_Amplitude},
		/*  3*/{"T", "eeaa", "",USAGE_Amplitude},
		/*  4*/{"p", "eeaa", "",USAGE_Amplitude},
		/*  5*/{"P", "eeaa", "",USAGE_Amplitude},
		/*  6*/{"Ap", "eeaa", "",USAGE_Amplitude},
		/*  7*/{"AP", "eeaa", "",USAGE_Amplitude},
		/*  8*/{"R", "eeaa", "",USAGE_Amplitude},
		/*  9*/{"k", "cc", "",USAGE_Hamiltonian},
		/* 10*/{"k", "aa", "",USAGE_Hamiltonian},
		/* 11*/{"k", "ee", "",USAGE_Hamiltonian},
		/* 12*/{"W", "caca", "",USAGE_Hamiltonian},
		/* 13*/{"W", "caac", "",USAGE_Hamiltonian},
		/* 14*/{"W", "cece", "",USAGE_Hamiltonian},
		/* 15*/{"W", "ceec", "",USAGE_Hamiltonian},
		/* 16*/{"W", "aeae", "",USAGE_Hamiltonian},
		/* 17*/{"W", "aeea", "",USAGE_Hamiltonian},
		/* 18*/{"W", "cccc", "",USAGE_Hamiltonian},
		/* 19*/{"W", "aaaa", "",USAGE_Hamiltonian},
		/* 20*/{"W", "eeee", "",USAGE_Hamiltonian},
		/* 21*/{"E1", "aa", "",USAGE_Density},
		/* 22*/{"E2", "aaaa", "",USAGE_Density},
		/* 23*/{"E3", "aaaaaa", "",USAGE_Density},
		/* 24*/{"S1", "aAaA", "",USAGE_Density},
		/* 25*/{"S2", "aaaa", "",USAGE_Density},
		/* 26*/{"W", "eeaa", "",USAGE_Hamiltonian},
		/* 27*/{"delta", "cc", "",USAGE_Density},
		/* 28*/{"delta", "aa", "",USAGE_Density},
		/* 29*/{"delta", "ee", "",USAGE_Density},
	};

//Number of terms :  11
	FEqInfo EqsRes[11] = {

		{"abcd,ef,abeg,cdfg", -4.0  , 4, {6,10,4,22}},		//-4.0 Ap[abcd] k[ef] p[abeg] E2[cdfg] 
		{"abcd,ae,befg,cdgf", 4.0  , 4, {6,11,4,22}},		//4.0 Ap[abcd] k[ae] p[befg] E2[cdgf] 
		{"abcd,efgh,abef,cdgh", -2.0  , 4, {6,19,4,22}},		//-2.0 Ap[abcd] W[efgh] p[abef] E2[cdgh] 
		{"abcd,efig,abfh,cdgh,ie", -8.0  , 5, {6,12,4,22,27}},		//-8.0 Ap[abcd] W[efig] p[abfh] E2[cdgh] delta[ie] 
		{"abcd,efgi,abfh,cdgh,ie", 4.0  , 5, {6,13,4,22,27}},		//4.0 Ap[abcd] W[efgi] p[abfh] E2[cdgh] delta[ie] 
		{"abcd,eaif,bfgh,cdhg,ie", 8.0  , 5, {6,14,4,22,27}},		//8.0 Ap[abcd] W[eaif] p[bfgh] E2[cdhg] delta[ie] 
		{"abcd,eafi,bfgh,cdhg,ie", -4.0  , 5, {6,15,4,22,27}},		//-4.0 Ap[abcd] W[eafi] p[bfgh] E2[cdhg] delta[ie] 
		{"abcd,abef,efgh,cdgh", 2.0  , 4, {6,20,4,22}},		//2.0 Ap[abcd] W[abef] p[efgh] E2[cdgh] 
		{"abcd,efgh,abei,cdfgih", -4.0  , 4, {6,19,4,23}},		//-4.0 Ap[abcd] W[efgh] p[abei] E3[cdfgih] 
		{"abcd,eafg,bghi,cdeihf", 4.0  , 4, {6,16,4,23}},		//4.0 Ap[abcd] W[eafg] p[bghi] E3[cdeihf] 
		{"abcd,eafg,bfhi,cdeghi", 4.0  , 4, {6,17,4,23}},		//4.0 Ap[abcd] W[eafg] p[bfhi] E3[cdeghi] 

	};
	int f(int i) {
		return 2*i;
	}
	FDomainDecl DomainDecls[1] = {
		{"A", "a", f}
	};
	FEqInfo Overlap[2] = {
		{"ABRS,ABPQ,RSPQ", 0.5, 3, {0, 26, 22}},
		{"BARS,ABPQ,RSQP", 0.5, 3, {0, 26, 22}}
	};
	static void GetMethodInfo(FMethodInfo &Out) {
		Out = FMethodInfo();
		Out.pName = "MRLCC_AAVV";
		Out.perturberClass = "AAVV";
		Out.pSpinClass = "restricted";
		Out.pTensorDecls = &TensorDecls[0];
		Out.nTensorDecls = 30;
		Out.pDomainDecls = &DomainDecls[0];
		Out.nDomainDecls = 1;
		Out.EqsRes = FEqSet(&EqsRes[0], 11, "MRLCC_AAVV/Res");
		Out.Overlap = FEqSet(&Overlap[0], 2, "MRLCC_AAVV/Overlap");
	};
};
